Build started 1/29/2018 9:14:09 PM.
     1>Project "F:\C++\quest3\quest3\quest3.vcxproj" on node 2 (build target(s)).
     1>InitializeBuildStatus:
         Touching "Debug\quest3.unsuccessfulbuild".
       ClCompile:
         D:\Microsoft Visual Studio\VC\bin\CL.exe /c /ZI /nologo /W3 /WX- /Od /Oy- /D _MBCS /Gm /EHsc /RTC1 /MDd /GS /fp:precise /Zc:wchar_t /Zc:forScope /Fo"Debug\\" /Fd"Debug\vc100.pdb" /Gd /TP /analyze- /errorReport:prompt quest3.cpp
         quest3.cpp
     1>f:\c++\quest3\quest3\quest3.cpp(8): warning C4244: 'argument' : conversion from 'time_t' to 'unsigned int', possible loss of data
       Link:
         D:\Microsoft Visual Studio\VC\bin\link.exe /ERRORREPORT:PROMPT /OUT:"F:\C++\quest3\Debug\quest3.exe" /NOLOGO kernel32.lib user32.lib gdi32.lib winspool.lib comdlg32.lib advapi32.lib shell32.lib ole32.lib oleaut32.lib uuid.lib odbc32.lib odbccp32.lib /MANIFEST /ManifestFile:"Debug\quest3.exe.intermediate.manifest" /MANIFESTUAC:"level='asInvoker' uiAccess='false'" /DEBUG /PDB:"F:\C++\quest3\Debug\quest3.pdb" /TLBID:1 /DYNAMICBASE /NXCOMPAT /IMPLIB:"F:\C++\quest3\Debug\quest3.lib" /MACHINE:X86 Debug\quest3.obj
         LINK : F:\C++\quest3\Debug\quest3.exe not found or not built by the last incremental link; performing full link
         quest3.vcxproj -> F:\C++\quest3\Debug\quest3.exe
       Manifest:
         c:\Program Files (x86)\Microsoft SDKs\Windows\v7.0A\bin\mt.exe /nologo /verbose /outputresource:"F:\C++\quest3\Debug\quest3.exe;#1" /manifest Debug\quest3.exe.intermediate.manifest
       FinalizeBuildStatus:
         Deleting file "Debug\quest3.unsuccessfulbuild".
         Touching "Debug\quest3.lastbuildstate".
     1>Done Building Project "F:\C++\quest3\quest3\quest3.vcxproj" (build target(s)).

Build succeeded.

Time Elapsed 00:00:03.57
